Building DAG of jobs...
Provided cores: 1
Rules claiming more threads will be scaled down.
Job counts:
	count	jobs
	1	all
	1	rename_vars
	2

[Tue Feb 19 21:22:36 2019]
rule rename_vars:
    input: src/data_management/rename_variables.R, src/data/cps_77-93_men.csv
    output: out/data/cps_borjas_renamed.csv
    log: logs/rename_vars.Rout
    jobid: 1

[Tue Feb 19 21:22:37 2019]
Error in rule rename_vars:
    jobid: 1
    output: out/data/cps_borjas_renamed.csv
    log: logs/rename_vars.Rout

RuleException:
CalledProcessError in line 35 of C:\Users\mventu\coursework\pp4rs\mariel\Snakefile:
Command '  Rscript src/data_management/rename_variables.R             --data src/data/cps_77-93_men.csv             --out out/data/cps_borjas_renamed.csv > logs/rename_vars.Rout 2>&1 ' returned non-zero exit status 1.
  File "C:\Users\mventu\coursework\pp4rs\mariel\Snakefile", line 35, in __rule_rename_vars
  File "c:\users\mventu\appdata\local\continuum\anaconda3\lib\concurrent\futures\thread.py", line 57, in run
Shutting down, this might take some time.
Exiting because a job execution failed. Look above for error message
Complete log: C:\Users\mventu\coursework\pp4rs\mariel\.snakemake\log\2019-02-19T212236.791368.snakemake.log
